<?xml version="1.0" encoding="UTF-8"?>
<!-- Generated by org.testng.reporters.JUnitXMLReporter -->
<testsuite ignored="0" name="TestCaratLaneInChrome" tests="4" failures="0" timestamp="27 Oct 2017 10:14:36 GMT" time="147.026" errors="0">
  <testcase name="testHomePageIsDisplayed" time="0.087" classname="script.TestHomePageIsDisplayed"/>
  <testcase name="testCuffLinksSearchPageisDisplayed" time="5.977" classname="script.TestCuffLinksSearchPageisDisplayed"/>
  <testcase name="testSignInPageIsDisplayed" time="7.114" classname="script.TestSignInPage"/>
  <testcase name="testValidSignIn" time="97.456" classname="script.TestSignInPage"/>
</testsuite> <!-- TestCaratLaneInChrome -->
