<?xml version="1.0" encoding="UTF-8"?>
<!-- Generated by org.testng.reporters.JUnitXMLReporter -->
<testsuite hostname="TYSS-4F-041" ignored="0" name="TestCaratLane" tests="4" failures="0" timestamp="26 Oct 2017 10:04:07 GMT" time="263.627" errors="0">
  <testcase name="testHomePageIsDisplayed" time="20.119" classname="script.TestHomePageIsDisplayed"/>
  <testcase name="testCuffLinksSearchPageisDisplayed" time="3.663" classname="script.TestCuffLinksSearchPageisDisplayed"/>
  <testcase name="testSignInPageIsDisplayed" time="4.457" classname="script.TestSignInPage"/>
  <testcase name="testValidSignIn" time="66.189" classname="script.TestSignInPage"/>
</testsuite> <!-- TestCaratLane -->
