<?xml version="1.0" encoding="UTF-8"?>
<!-- Generated by org.testng.reporters.JUnitXMLReporter -->
<testsuite ignored="0" name="TestCaratLaneInFireFox" tests="4" failures="0" timestamp="27 Oct 2017 10:14:57 GMT" time="168.218" errors="0">
  <testcase name="testHomePageIsDisplayed" time="0.018" classname="script.TestHomePageIsDisplayed"/>
  <testcase name="testCuffLinksSearchPageisDisplayed" time="4.404" classname="script.TestCuffLinksSearchPageisDisplayed"/>
  <testcase name="testSignInPageIsDisplayed" time="9.104" classname="script.TestSignInPage"/>
  <testcase name="testValidSignIn" time="91.888" classname="script.TestSignInPage"/>
</testsuite> <!-- TestCaratLaneInFireFox -->
