<?xml version="1.0" encoding="UTF-8"?>
<!-- Generated by org.testng.reporters.JUnitXMLReporter -->
<testsuite hostname="TYSS-4F-041" name="TestCaratLaneInChrome" tests="4" failures="0" timestamp="27 Oct 2017 11:29:02 GMT" time="113.105" errors="0">
  <testcase name="testHomePageIsDisplayed" time="0.115" classname="script.TestHomePageIsDisplayed"/>
  <testcase name="testCuffLinksSearchPageisDisplayed" time="7.752" classname="script.TestCuffLinksSearchPageisDisplayed"/>
  <testcase name="testSignInPageIsDisplayed" time="3.771" classname="script.TestSignInPage"/>
  <testcase name="testValidSignIn" time="68.31" classname="script.TestSignInPage"/>
</testsuite> <!-- TestCaratLaneInChrome -->
