<?xml version="1.0" encoding="UTF-8"?>
<!-- Generated by org.testng.reporters.JUnitXMLReporter -->
<testsuite hostname="TYSS-4F-041" name="TestCaratLaneInFireFox" tests="4" failures="0" timestamp="27 Oct 2017 11:29:41 GMT" time="151.762" errors="0">
  <testcase name="testHomePageIsDisplayed" time="0.016" classname="script.TestHomePageIsDisplayed"/>
  <testcase name="testCuffLinksSearchPageisDisplayed" time="5.468" classname="script.TestCuffLinksSearchPageisDisplayed"/>
  <testcase name="testSignInPageIsDisplayed" time="9.456" classname="script.TestSignInPage"/>
  <testcase name="testValidSignIn" time="88.505" classname="script.TestSignInPage"/>
</testsuite> <!-- TestCaratLaneInFireFox -->
