<?xml version="1.0" encoding="UTF-8"?>
<testng-results skipped="0" failed="0" total="8" passed="8">
  <reporter-output>
    <line>
      <![CDATA[CaratLane A Tanishq Partnership | Best Diwali Offers | Online Jewellery Shopping Store India]]>
    </line>
    <line>
      <![CDATA[CaratLane A Tanishq Partnership | Best Diwali Offers | Online Jewellery Shopping Store India]]>
    </line>
    <line>
      <![CDATA[Cufflinks for Men - Men's Cufflinks Designs Online in India]]>
    </line>
    <line>
      <![CDATA[Cufflinks for Men - Men's Cufflinks Designs Online in India]]>
    </line>
    <line>
      <![CDATA[Sign In Successfull]]>
    </line>
    <line>
      <![CDATA[Invalid Sign In]]>
    </line>
    <line>
      <![CDATA[Sign In Successfull]]>
    </line>
    <line>
      <![CDATA[Invalid Sign In]]>
    </line>
    <line>
      <![CDATA[Invalid Sign In]]>
    </line>
    <line>
      <![CDATA[Invalid Sign In]]>
    </line>
  </reporter-output>
  <suite name="AutomationSuite" duration-ms="151762" started-at="2017-10-27T11:27:09Z" finished-at="2017-10-27T11:29:40Z">
    <groups>
    </groups>
    <test name="TestCaratLaneInChrome" duration-ms="113105" started-at="2017-10-27T11:27:09Z" finished-at="2017-10-27T11:29:02Z">
      <class name="script.TestHomePageIsDisplayed">
        <test-method status="PASS" signature="openApplication(java.lang.String, java.lang.String)[pri:0, instance:script.TestHomePageIsDisplayed@26f67b76]" name="openApplication" is-config="true" duration-ms="12263" started-at="2017-10-27T16:57:09Z" finished-at="2017-10-27T16:57:21Z">
          <params>
            <param index="0">
              <value>
                <![CDATA[http://10.10.14.137:4444/wd/hub]]>
              </value>
            </param>
            <param index="1">
              <value>
                <![CDATA[chrome]]>
              </value>
            </param>
          </params>
          <reporter-output>
          </reporter-output>
        </test-method> <!-- openApplication -->
        <test-method status="PASS" signature="testHomePageIsDisplayed()[pri:0, instance:script.TestHomePageIsDisplayed@26f67b76]" name="testHomePageIsDisplayed" duration-ms="115" started-at="2017-10-27T16:57:21Z" finished-at="2017-10-27T16:57:21Z">
          <reporter-output>
            <line>
              <![CDATA[CaratLane A Tanishq Partnership | Best Diwali Offers | Online Jewellery Shopping Store India]]>
            </line>
          </reporter-output>
        </test-method> <!-- testHomePageIsDisplayed -->
        <test-method status="PASS" signature="closeApplication()[pri:0, instance:script.TestHomePageIsDisplayed@26f67b76]" name="closeApplication" is-config="true" duration-ms="328" started-at="2017-10-27T16:57:21Z" finished-at="2017-10-27T16:57:21Z">
          <reporter-output>
          </reporter-output>
        </test-method> <!-- closeApplication -->
        <test-method status="PASS" signature="tearDown(org.testng.ITestResult)[pri:0, instance:script.TestHomePageIsDisplayed@26f67b76]" name="tearDown" is-config="true" duration-ms="1" started-at="2017-10-27T16:57:21Z" finished-at="2017-10-27T16:57:21Z">
          <params>
            <param index="0">
              <value>
                <![CDATA[[TestResult name=testHomePageIsDisplayed status=SUCCESS method=TestHomePageIsDisplayed.testHomePageIsDisplayed()[pri:0, instance:script.TestHomePageIsDisplayed@26f67b76] output=CaratLane A Tanishq Partnership | Best Diwali Offers | Online Jewellery Shopping Store India]]]>
              </value>
            </param>
          </params>
          <reporter-output>
          </reporter-output>
        </test-method> <!-- tearDown -->
      </class> <!-- script.TestHomePageIsDisplayed -->
      <class name="script.TestCuffLinksSearchPageisDisplayed">
        <test-method status="PASS" signature="openApplication(java.lang.String, java.lang.String)[pri:0, instance:script.TestCuffLinksSearchPageisDisplayed@3dd3bcd]" name="openApplication" is-config="true" duration-ms="5909" started-at="2017-10-27T16:57:21Z" finished-at="2017-10-27T16:57:27Z">
          <params>
            <param index="0">
              <value>
                <![CDATA[http://10.10.14.137:4444/wd/hub]]>
              </value>
            </param>
            <param index="1">
              <value>
                <![CDATA[chrome]]>
              </value>
            </param>
          </params>
          <reporter-output>
          </reporter-output>
        </test-method> <!-- openApplication -->
        <test-method status="PASS" signature="testCuffLinksSearchPageisDisplayed()[pri:0, instance:script.TestCuffLinksSearchPageisDisplayed@3dd3bcd]" name="testCuffLinksSearchPageisDisplayed" duration-ms="7752" started-at="2017-10-27T16:57:27Z" finished-at="2017-10-27T16:57:35Z">
          <reporter-output>
            <line>
              <![CDATA[Cufflinks for Men - Men's Cufflinks Designs Online in India]]>
            </line>
          </reporter-output>
        </test-method> <!-- testCuffLinksSearchPageisDisplayed -->
        <test-method status="PASS" signature="closeApplication()[pri:0, instance:script.TestCuffLinksSearchPageisDisplayed@3dd3bcd]" name="closeApplication" is-config="true" duration-ms="219" started-at="2017-10-27T16:57:35Z" finished-at="2017-10-27T16:57:35Z">
          <reporter-output>
          </reporter-output>
        </test-method> <!-- closeApplication -->
        <test-method status="PASS" signature="tearDown(org.testng.ITestResult)[pri:0, instance:script.TestCuffLinksSearchPageisDisplayed@3dd3bcd]" name="tearDown" is-config="true" duration-ms="0" started-at="2017-10-27T16:57:35Z" finished-at="2017-10-27T16:57:35Z">
          <params>
            <param index="0">
              <value>
                <![CDATA[[TestResult name=testCuffLinksSearchPageisDisplayed status=SUCCESS method=TestCuffLinksSearchPageisDisplayed.testCuffLinksSearchPageisDisplayed()[pri:0, instance:script.TestCuffLinksSearchPageisDisplayed@3dd3bcd] output=Cufflinks for Men - Men's Cufflinks Designs Online in India]]]>
              </value>
            </param>
          </params>
          <reporter-output>
          </reporter-output>
        </test-method> <!-- tearDown -->
      </class> <!-- script.TestCuffLinksSearchPageisDisplayed -->
      <class name="script.TestSignInPage">
        <test-method status="PASS" signature="openApplication(java.lang.String, java.lang.String)[pri:0, instance:script.TestSignInPage@97e1986]" name="openApplication" is-config="true" duration-ms="4911" started-at="2017-10-27T16:57:35Z" finished-at="2017-10-27T16:57:40Z">
          <params>
            <param index="0">
              <value>
                <![CDATA[http://10.10.14.137:4444/wd/hub]]>
              </value>
            </param>
            <param index="1">
              <value>
                <![CDATA[chrome]]>
              </value>
            </param>
          </params>
          <reporter-output>
          </reporter-output>
        </test-method> <!-- openApplication -->
        <test-method status="PASS" signature="testSignInPageIsDisplayed()[pri:0, instance:script.TestSignInPage@97e1986]" name="testSignInPageIsDisplayed" duration-ms="3771" started-at="2017-10-27T16:57:40Z" finished-at="2017-10-27T16:57:44Z">
          <reporter-output>
          </reporter-output>
        </test-method> <!-- testSignInPageIsDisplayed -->
        <test-method status="PASS" signature="closeApplication()[pri:0, instance:script.TestSignInPage@97e1986]" name="closeApplication" is-config="true" duration-ms="222" started-at="2017-10-27T16:57:44Z" finished-at="2017-10-27T16:57:44Z">
          <reporter-output>
          </reporter-output>
        </test-method> <!-- closeApplication -->
        <test-method status="PASS" signature="tearDown(org.testng.ITestResult)[pri:0, instance:script.TestSignInPage@97e1986]" name="tearDown" is-config="true" duration-ms="0" started-at="2017-10-27T16:57:44Z" finished-at="2017-10-27T16:57:44Z">
          <params>
            <param index="0">
              <value>
                <![CDATA[[TestResult name=testSignInPageIsDisplayed status=SUCCESS method=TestSignInPage.testSignInPageIsDisplayed()[pri:0, instance:script.TestSignInPage@97e1986] output={null}]]]>
              </value>
            </param>
          </params>
          <reporter-output>
          </reporter-output>
        </test-method> <!-- tearDown -->
        <test-method status="PASS" signature="openApplication(java.lang.String, java.lang.String)[pri:0, instance:script.TestSignInPage@97e1986]" name="openApplication" is-config="true" duration-ms="8897" started-at="2017-10-27T16:57:44Z" finished-at="2017-10-27T16:57:53Z">
          <params>
            <param index="0">
              <value>
                <![CDATA[http://10.10.14.137:4444/wd/hub]]>
              </value>
            </param>
            <param index="1">
              <value>
                <![CDATA[chrome]]>
              </value>
            </param>
          </params>
          <reporter-output>
          </reporter-output>
        </test-method> <!-- openApplication -->
        <test-method status="PASS" signature="testValidSignIn()[pri:0, instance:script.TestSignInPage@97e1986]" name="testValidSignIn" duration-ms="68310" started-at="2017-10-27T16:57:53Z" finished-at="2017-10-27T16:59:01Z">
          <reporter-output>
            <line>
              <![CDATA[Sign In Successfull]]>
            </line>
            <line>
              <![CDATA[Invalid Sign In]]>
            </line>
            <line>
              <![CDATA[Invalid Sign In]]>
            </line>
          </reporter-output>
        </test-method> <!-- testValidSignIn -->
        <test-method status="PASS" signature="closeApplication()[pri:0, instance:script.TestSignInPage@97e1986]" name="closeApplication" is-config="true" duration-ms="343" started-at="2017-10-27T16:59:01Z" finished-at="2017-10-27T16:59:02Z">
          <reporter-output>
          </reporter-output>
        </test-method> <!-- closeApplication -->
        <test-method status="PASS" signature="tearDown(org.testng.ITestResult)[pri:0, instance:script.TestSignInPage@97e1986]" name="tearDown" is-config="true" duration-ms="0" started-at="2017-10-27T16:59:02Z" finished-at="2017-10-27T16:59:02Z">
          <params>
            <param index="0">
              <value>
                <![CDATA[[TestResult name=testValidSignIn status=SUCCESS method=TestSignInPage.testValidSignIn()[pri:0, instance:script.TestSignInPage@97e1986] output=Sign In Successfull]]]>
              </value>
            </param>
          </params>
          <reporter-output>
          </reporter-output>
        </test-method> <!-- tearDown -->
      </class> <!-- script.TestSignInPage -->
    </test> <!-- TestCaratLaneInChrome -->
    <test name="TestCaratLaneInFireFox" duration-ms="151762" started-at="2017-10-27T11:27:09Z" finished-at="2017-10-27T11:29:40Z">
      <class name="script.TestHomePageIsDisplayed">
        <test-method status="PASS" signature="openApplication(java.lang.String, java.lang.String)[pri:0, instance:script.TestHomePageIsDisplayed@6537cf78]" name="openApplication" is-config="true" duration-ms="17079" started-at="2017-10-27T16:57:09Z" finished-at="2017-10-27T16:57:26Z">
          <params>
            <param index="0">
              <value>
                <![CDATA[http://10.10.14.137:4444/wd/hub]]>
              </value>
            </param>
            <param index="1">
              <value>
                <![CDATA[firefox]]>
              </value>
            </param>
          </params>
          <reporter-output>
          </reporter-output>
        </test-method> <!-- openApplication -->
        <test-method status="PASS" signature="testHomePageIsDisplayed()[pri:0, instance:script.TestHomePageIsDisplayed@6537cf78]" name="testHomePageIsDisplayed" duration-ms="16" started-at="2017-10-27T16:57:26Z" finished-at="2017-10-27T16:57:26Z">
          <reporter-output>
            <line>
              <![CDATA[CaratLane A Tanishq Partnership | Best Diwali Offers | Online Jewellery Shopping Store India]]>
            </line>
          </reporter-output>
        </test-method> <!-- testHomePageIsDisplayed -->
        <test-method status="PASS" signature="closeApplication()[pri:0, instance:script.TestHomePageIsDisplayed@6537cf78]" name="closeApplication" is-config="true" duration-ms="45" started-at="2017-10-27T16:57:26Z" finished-at="2017-10-27T16:57:26Z">
          <reporter-output>
          </reporter-output>
        </test-method> <!-- closeApplication -->
        <test-method status="PASS" signature="tearDown(org.testng.ITestResult)[pri:0, instance:script.TestHomePageIsDisplayed@6537cf78]" name="tearDown" is-config="true" duration-ms="0" started-at="2017-10-27T16:57:26Z" finished-at="2017-10-27T16:57:26Z">
          <params>
            <param index="0">
              <value>
                <![CDATA[[TestResult name=testHomePageIsDisplayed status=SUCCESS method=TestHomePageIsDisplayed.testHomePageIsDisplayed()[pri:0, instance:script.TestHomePageIsDisplayed@6537cf78] output=CaratLane A Tanishq Partnership | Best Diwali Offers | Online Jewellery Shopping Store India]]]>
              </value>
            </param>
          </params>
          <reporter-output>
          </reporter-output>
        </test-method> <!-- tearDown -->
      </class> <!-- script.TestHomePageIsDisplayed -->
      <class name="script.TestCuffLinksSearchPageisDisplayed">
        <test-method status="PASS" signature="openApplication(java.lang.String, java.lang.String)[pri:0, instance:script.TestCuffLinksSearchPageisDisplayed@2d554825]" name="openApplication" is-config="true" duration-ms="9005" started-at="2017-10-27T16:57:26Z" finished-at="2017-10-27T16:57:35Z">
          <params>
            <param index="0">
              <value>
                <![CDATA[http://10.10.14.137:4444/wd/hub]]>
              </value>
            </param>
            <param index="1">
              <value>
                <![CDATA[firefox]]>
              </value>
            </param>
          </params>
          <reporter-output>
          </reporter-output>
        </test-method> <!-- openApplication -->
        <test-method status="PASS" signature="testCuffLinksSearchPageisDisplayed()[pri:0, instance:script.TestCuffLinksSearchPageisDisplayed@2d554825]" name="testCuffLinksSearchPageisDisplayed" duration-ms="5468" started-at="2017-10-27T16:57:35Z" finished-at="2017-10-27T16:57:40Z">
          <reporter-output>
            <line>
              <![CDATA[Cufflinks for Men - Men's Cufflinks Designs Online in India]]>
            </line>
          </reporter-output>
        </test-method> <!-- testCuffLinksSearchPageisDisplayed -->
        <test-method status="PASS" signature="closeApplication()[pri:0, instance:script.TestCuffLinksSearchPageisDisplayed@2d554825]" name="closeApplication" is-config="true" duration-ms="52" started-at="2017-10-27T16:57:40Z" finished-at="2017-10-27T16:57:40Z">
          <reporter-output>
          </reporter-output>
        </test-method> <!-- closeApplication -->
        <test-method status="PASS" signature="tearDown(org.testng.ITestResult)[pri:0, instance:script.TestCuffLinksSearchPageisDisplayed@2d554825]" name="tearDown" is-config="true" duration-ms="1" started-at="2017-10-27T16:57:40Z" finished-at="2017-10-27T16:57:40Z">
          <params>
            <param index="0">
              <value>
                <![CDATA[[TestResult name=testCuffLinksSearchPageisDisplayed status=SUCCESS method=TestCuffLinksSearchPageisDisplayed.testCuffLinksSearchPageisDisplayed()[pri:0, instance:script.TestCuffLinksSearchPageisDisplayed@2d554825] output=Cufflinks for Men - Men's Cufflinks Designs Online in India]]]>
              </value>
            </param>
          </params>
          <reporter-output>
          </reporter-output>
        </test-method> <!-- tearDown -->
      </class> <!-- script.TestCuffLinksSearchPageisDisplayed -->
      <class name="script.TestSignInPage">
        <test-method status="PASS" signature="openApplication(java.lang.String, java.lang.String)[pri:0, instance:script.TestSignInPage@617c74e5]" name="openApplication" is-config="true" duration-ms="10243" started-at="2017-10-27T16:57:40Z" finished-at="2017-10-27T16:57:50Z">
          <params>
            <param index="0">
              <value>
                <![CDATA[http://10.10.14.137:4444/wd/hub]]>
              </value>
            </param>
            <param index="1">
              <value>
                <![CDATA[firefox]]>
              </value>
            </param>
          </params>
          <reporter-output>
          </reporter-output>
        </test-method> <!-- openApplication -->
        <test-method status="PASS" signature="testSignInPageIsDisplayed()[pri:0, instance:script.TestSignInPage@617c74e5]" name="testSignInPageIsDisplayed" duration-ms="9456" started-at="2017-10-27T16:57:50Z" finished-at="2017-10-27T16:58:00Z">
          <reporter-output>
          </reporter-output>
        </test-method> <!-- testSignInPageIsDisplayed -->
        <test-method status="PASS" signature="closeApplication()[pri:0, instance:script.TestSignInPage@617c74e5]" name="closeApplication" is-config="true" duration-ms="56" started-at="2017-10-27T16:58:00Z" finished-at="2017-10-27T16:58:00Z">
          <reporter-output>
          </reporter-output>
        </test-method> <!-- closeApplication -->
        <test-method status="PASS" signature="tearDown(org.testng.ITestResult)[pri:0, instance:script.TestSignInPage@617c74e5]" name="tearDown" is-config="true" duration-ms="1" started-at="2017-10-27T16:58:00Z" finished-at="2017-10-27T16:58:00Z">
          <params>
            <param index="0">
              <value>
                <![CDATA[[TestResult name=testSignInPageIsDisplayed status=SUCCESS method=TestSignInPage.testSignInPageIsDisplayed()[pri:0, instance:script.TestSignInPage@617c74e5] output={null}]]]>
              </value>
            </param>
          </params>
          <reporter-output>
          </reporter-output>
        </test-method> <!-- tearDown -->
        <test-method status="PASS" signature="openApplication(java.lang.String, java.lang.String)[pri:0, instance:script.TestSignInPage@617c74e5]" name="openApplication" is-config="true" duration-ms="11582" started-at="2017-10-27T16:58:00Z" finished-at="2017-10-27T16:58:12Z">
          <params>
            <param index="0">
              <value>
                <![CDATA[http://10.10.14.137:4444/wd/hub]]>
              </value>
            </param>
            <param index="1">
              <value>
                <![CDATA[firefox]]>
              </value>
            </param>
          </params>
          <reporter-output>
          </reporter-output>
        </test-method> <!-- openApplication -->
        <test-method status="PASS" signature="testValidSignIn()[pri:0, instance:script.TestSignInPage@617c74e5]" name="testValidSignIn" duration-ms="88505" started-at="2017-10-27T16:58:12Z" finished-at="2017-10-27T16:59:40Z">
          <reporter-output>
            <line>
              <![CDATA[Sign In Successfull]]>
            </line>
            <line>
              <![CDATA[Invalid Sign In]]>
            </line>
            <line>
              <![CDATA[Invalid Sign In]]>
            </line>
          </reporter-output>
        </test-method> <!-- testValidSignIn -->
        <test-method status="PASS" signature="closeApplication()[pri:0, instance:script.TestSignInPage@617c74e5]" name="closeApplication" is-config="true" duration-ms="237" started-at="2017-10-27T16:59:40Z" finished-at="2017-10-27T16:59:40Z">
          <reporter-output>
          </reporter-output>
        </test-method> <!-- closeApplication -->
        <test-method status="PASS" signature="tearDown(org.testng.ITestResult)[pri:0, instance:script.TestSignInPage@617c74e5]" name="tearDown" is-config="true" duration-ms="0" started-at="2017-10-27T16:59:40Z" finished-at="2017-10-27T16:59:40Z">
          <params>
            <param index="0">
              <value>
                <![CDATA[[TestResult name=testValidSignIn status=SUCCESS method=TestSignInPage.testValidSignIn()[pri:0, instance:script.TestSignInPage@617c74e5] output=Sign In Successfull]]]>
              </value>
            </param>
          </params>
          <reporter-output>
          </reporter-output>
        </test-method> <!-- tearDown -->
      </class> <!-- script.TestSignInPage -->
    </test> <!-- TestCaratLaneInFireFox -->
  </suite> <!-- AutomationSuite -->
</testng-results>
